                                                                                                        QUERY PLAN                                                                                                         
---------------------------------------------------------------------------------------------------------------------------------------------------------------------------------------------------------------------------
 Finalize Aggregate  (cost=17868897.84..17868897.85 rows=1 width=32) (actual time=5683187.793..5683187.793 rows=1 loops=1)
   ->  Gather  (cost=17868897.61..17868897.82 rows=2 width=32) (actual time=5683187.721..5683188.690 rows=1 loops=1)
         Workers Planned: 2
         Workers Launched: 0
         ->  Partial Aggregate  (cost=17867897.61..17867897.62 rows=1 width=32) (actual time=5683187.325..5683187.325 rows=1 loops=1)
               ->  Parallel Seq Scan on lineitem  (cost=0.00..17844105.20 rows=4758482 width=12) (actual time=0.025..5673080.634 rows=11420375 loops=1)
                     Filter: ((l_shipdate >= '1994-01-01'::date) AND (l_shipdate < '1995-01-01 00:00:00'::timestamp without time zone) AND (l_discount >= 0.04) AND (l_discount <= 0.06) AND (l_quantity < '24'::numeric))
                     Rows Removed by Filter: 588617527
 Planning Time: 334.865 ms
 Execution Time: 5683189.628 ms
(10 rows)

